<?xml version="1.0" encoding="UTF-8"?>
<!-- Generated by org.testng.reporters.JUnitReportReporter -->
<testsuite skipped="0" hostname="DESKTOP-GAMJ8L6" name="scripts.NewTest" tests="1" failures="0" timestamp="21 Jan 2019 13:40:54 GMT" time="15.496" errors="0">
  <testcase name="f" time="15.496" classname="scripts.NewTest"/>
</testsuite> <!-- scripts.NewTest -->
