<?xml version="1.0" encoding="UTF-8"?>
<!-- Generated by org.testng.reporters.JUnitReportReporter -->
<testsuite skipped="0" hostname="DESKTOP-GAMJ8L6" name="scripts.InvalidLogin" tests="1" failures="0" timestamp="23 Jan 2019 09:49:56 GMT" time="15.627" errors="0">
  <testcase name="invalidlogin" time="15.627" classname="scripts.InvalidLogin"/>
</testsuite> <!-- scripts.InvalidLogin -->
